e:\vscode\qtwidgetsapplication1\qtwidgetsapplication1\x64\debug\qtwidgetsclass.obj
e:\vscode\qtwidgetsapplication1\qtwidgetsapplication1\x64\debug\main.obj
e:\vscode\qtwidgetsapplication1\qtwidgetsapplication1\x64\debug\qtwidgetsapplication1.obj
e:\vscode\qtwidgetsapplication1\qtwidgetsapplication1\x64\debug\qthttpwidgets.obj
e:\vscode\qtwidgetsapplication1\qtwidgetsapplication1\x64\debug\vc140.pdb
e:\vscode\qtwidgetsapplication1\qtwidgetsapplication1\x64\debug\moc_qtwidgetsclass.obj
e:\vscode\qtwidgetsapplication1\qtwidgetsapplication1\x64\debug\moc_qthttpwidgets.obj
e:\vscode\qtwidgetsapplication1\qtwidgetsapplication1\x64\debug\moc_qtwidgetsapplication1.obj
e:\vscode\qtwidgetsapplication1\qtwidgetsapplication1\x64\debug\qrc_qtwidgetsapplication1.obj
e:\vscode\qtwidgetsapplication1\qtwidgetsapplication1\x64\debug\moc\moc_qtwidgetsapplication1.cpp
e:\vscode\qtwidgetsapplication1\qtwidgetsapplication1\x64\debug\moc\moc_qtwidgetsclass.cpp
e:\vscode\qtwidgetsapplication1\qtwidgetsapplication1\x64\debug\moc\moc_qthttpwidgets.cpp
e:\vscode\qtwidgetsapplication1\qtwidgetsapplication1\x64\debug\uic\ui_qthttpwidgets.h
e:\vscode\qtwidgetsapplication1\qtwidgetsapplication1\x64\debug\uic\ui_qtwidgetsapplication1.h
e:\vscode\qtwidgetsapplication1\qtwidgetsapplication1\x64\debug\uic\ui_qtwidgetsclass.h
e:\vscode\qtwidgetsapplication1\qtwidgetsapplication1\x64\debug\rcc\qrc_qtwidgetsapplication1.cpp
e:\vscode\qtwidgetsapplication1\qtwidgetsapplication1\x64\debug\qtwidgetsapplication1.res
e:\vscode\qtwidgetsapplication1\x64\debug\qtwidgetsapplication1.pdb
e:\vscode\qtwidgetsapplication1\qtwidgetsapplication1\x64\debug\qtwidget.e8d7d85b.tlog\cl.command.1.tlog
e:\vscode\qtwidgetsapplication1\qtwidgetsapplication1\x64\debug\qtwidget.e8d7d85b.tlog\cl.read.1.tlog
e:\vscode\qtwidgetsapplication1\qtwidgetsapplication1\x64\debug\qtwidget.e8d7d85b.tlog\cl.write.1.tlog
e:\vscode\qtwidgetsapplication1\qtwidgetsapplication1\x64\debug\qtwidget.e8d7d85b.tlog\link-cvtres.read.1.tlog
e:\vscode\qtwidgetsapplication1\qtwidgetsapplication1\x64\debug\qtwidget.e8d7d85b.tlog\link-cvtres.write.1.tlog
e:\vscode\qtwidgetsapplication1\qtwidgetsapplication1\x64\debug\qtwidget.e8d7d85b.tlog\link-rc.read.1.tlog
e:\vscode\qtwidgetsapplication1\qtwidgetsapplication1\x64\debug\qtwidget.e8d7d85b.tlog\link-rc.write.1.tlog
e:\vscode\qtwidgetsapplication1\qtwidgetsapplication1\x64\debug\qtwidget.e8d7d85b.tlog\link.command.1.tlog
e:\vscode\qtwidgetsapplication1\qtwidgetsapplication1\x64\debug\qtwidget.e8d7d85b.tlog\link.read.1.tlog
e:\vscode\qtwidgetsapplication1\qtwidgetsapplication1\x64\debug\qtwidget.e8d7d85b.tlog\link.write.1.tlog
e:\vscode\qtwidgetsapplication1\qtwidgetsapplication1\x64\debug\qtwidget.e8d7d85b.tlog\moc.read.1u.tlog
e:\vscode\qtwidgetsapplication1\qtwidgetsapplication1\x64\debug\qtwidget.e8d7d85b.tlog\moc.write.1u.tlog
e:\vscode\qtwidgetsapplication1\qtwidgetsapplication1\x64\debug\qtwidget.e8d7d85b.tlog\qtwidgetsapplication1.write.1u.tlog
e:\vscode\qtwidgetsapplication1\qtwidgetsapplication1\x64\debug\qtwidget.e8d7d85b.tlog\rc.command.1.tlog
e:\vscode\qtwidgetsapplication1\qtwidgetsapplication1\x64\debug\qtwidget.e8d7d85b.tlog\rc.read.1.tlog
e:\vscode\qtwidgetsapplication1\qtwidgetsapplication1\x64\debug\qtwidget.e8d7d85b.tlog\rc.write.1.tlog
e:\vscode\qtwidgetsapplication1\qtwidgetsapplication1\x64\debug\qtwidget.e8d7d85b.tlog\rcc.read.1u.tlog
e:\vscode\qtwidgetsapplication1\qtwidgetsapplication1\x64\debug\qtwidget.e8d7d85b.tlog\rcc.write.1u.tlog
e:\vscode\qtwidgetsapplication1\qtwidgetsapplication1\x64\debug\qtwidget.e8d7d85b.tlog\uic.read.1u.tlog
e:\vscode\qtwidgetsapplication1\qtwidgetsapplication1\x64\debug\qtwidget.e8d7d85b.tlog\uic.write.1u.tlog
